CRITICAL - 2023-10-17 00:02:19 --> syntax error, unexpected identifier "url", expecting "," or ";"
in APPPATH\Views\include\Top.php on line 16.
 1 SYSTEMPATH\View\View.php(229): CodeIgniter\View\View->CodeIgniter\View\{closure}()
 2 SYSTEMPATH\View\View.php(467): CodeIgniter\View\View->render('include/top', null, true)
 3 APPPATH\Views\index.php(1): CodeIgniter\View\View->include('include/top')
 4 SYSTEMPATH\View\View.php(226): include('C:\\laragon\\www\\code4\\app\\Views\\index.php')
 5 SYSTEMPATH\View\View.php(229): CodeIgniter\View\View->CodeIgniter\View\{closure}()
 6 SYSTEMPATH\Common.php(1188): CodeIgniter\View\View->render('index', [], true)
 7 APPPATH\Controllers\Home.php(9): view('index')
 8 SYSTEMPATH\CodeIgniter.php(919): App\Controllers\Home->index()
 9 SYSTEMPATH\CodeIgniter.php(494): CodeIgniter\CodeIgniter->runController(Object(App\Controllers\Home))
10 SYSTEMPATH\CodeIgniter.php(353): CodeIgniter\CodeIgniter->handleRequest(null, Object(Config\Cache), false)
11 FCPATH\index.php(79): CodeIgniter\CodeIgniter->run()
12 SYSTEMPATH\Commands\Server\rewrite.php(47): require_once('C:\\laragon\\www\\code4\\public\\index.php')
CRITICAL - 2023-10-17 00:03:16 --> syntax error, unexpected identifier "url", expecting "," or ";"
in APPPATH\Views\include\Top.php on line 16.
 1 SYSTEMPATH\View\View.php(229): CodeIgniter\View\View->CodeIgniter\View\{closure}()
 2 SYSTEMPATH\View\View.php(467): CodeIgniter\View\View->render('include/top', null, true)
 3 APPPATH\Views\index.php(1): CodeIgniter\View\View->include('include/top')
 4 SYSTEMPATH\View\View.php(226): include('C:\\laragon\\www\\code4\\app\\Views\\index.php')
 5 SYSTEMPATH\View\View.php(229): CodeIgniter\View\View->CodeIgniter\View\{closure}()
 6 SYSTEMPATH\Common.php(1188): CodeIgniter\View\View->render('index', [], true)
 7 APPPATH\Controllers\Home.php(9): view('index')
 8 SYSTEMPATH\CodeIgniter.php(919): App\Controllers\Home->index()
 9 SYSTEMPATH\CodeIgniter.php(494): CodeIgniter\CodeIgniter->runController(Object(App\Controllers\Home))
10 SYSTEMPATH\CodeIgniter.php(353): CodeIgniter\CodeIgniter->handleRequest(null, Object(Config\Cache), false)
11 FCPATH\index.php(79): CodeIgniter\CodeIgniter->run()
12 SYSTEMPATH\Commands\Server\rewrite.php(47): require_once('C:\\laragon\\www\\code4\\public\\index.php')
CRITICAL - 2023-10-17 00:03:17 --> syntax error, unexpected identifier "url", expecting "," or ";"
in APPPATH\Views\include\Top.php on line 16.
 1 SYSTEMPATH\View\View.php(229): CodeIgniter\View\View->CodeIgniter\View\{closure}()
 2 SYSTEMPATH\View\View.php(467): CodeIgniter\View\View->render('include/top', null, true)
 3 APPPATH\Views\index.php(1): CodeIgniter\View\View->include('include/top')
 4 SYSTEMPATH\View\View.php(226): include('C:\\laragon\\www\\code4\\app\\Views\\index.php')
 5 SYSTEMPATH\View\View.php(229): CodeIgniter\View\View->CodeIgniter\View\{closure}()
 6 SYSTEMPATH\Common.php(1188): CodeIgniter\View\View->render('index', [], true)
 7 APPPATH\Controllers\Home.php(9): view('index')
 8 SYSTEMPATH\CodeIgniter.php(919): App\Controllers\Home->index()
 9 SYSTEMPATH\CodeIgniter.php(494): CodeIgniter\CodeIgniter->runController(Object(App\Controllers\Home))
10 SYSTEMPATH\CodeIgniter.php(353): CodeIgniter\CodeIgniter->handleRequest(null, Object(Config\Cache), false)
11 FCPATH\index.php(79): CodeIgniter\CodeIgniter->run()
12 SYSTEMPATH\Commands\Server\rewrite.php(47): require_once('C:\\laragon\\www\\code4\\public\\index.php')
CRITICAL - 2023-10-17 00:03:18 --> syntax error, unexpected identifier "url", expecting "," or ";"
in APPPATH\Views\include\Top.php on line 16.
 1 SYSTEMPATH\View\View.php(229): CodeIgniter\View\View->CodeIgniter\View\{closure}()
 2 SYSTEMPATH\View\View.php(467): CodeIgniter\View\View->render('include/top', null, true)
 3 APPPATH\Views\index.php(1): CodeIgniter\View\View->include('include/top')
 4 SYSTEMPATH\View\View.php(226): include('C:\\laragon\\www\\code4\\app\\Views\\index.php')
 5 SYSTEMPATH\View\View.php(229): CodeIgniter\View\View->CodeIgniter\View\{closure}()
 6 SYSTEMPATH\Common.php(1188): CodeIgniter\View\View->render('index', [], true)
 7 APPPATH\Controllers\Home.php(9): view('index')
 8 SYSTEMPATH\CodeIgniter.php(919): App\Controllers\Home->index()
 9 SYSTEMPATH\CodeIgniter.php(494): CodeIgniter\CodeIgniter->runController(Object(App\Controllers\Home))
10 SYSTEMPATH\CodeIgniter.php(353): CodeIgniter\CodeIgniter->handleRequest(null, Object(Config\Cache), false)
11 FCPATH\index.php(79): CodeIgniter\CodeIgniter->run()
12 SYSTEMPATH\Commands\Server\rewrite.php(47): require_once('C:\\laragon\\www\\code4\\public\\index.php')
CRITICAL - 2023-10-17 00:03:18 --> syntax error, unexpected identifier "url", expecting "," or ";"
in APPPATH\Views\include\Top.php on line 16.
 1 SYSTEMPATH\View\View.php(229): CodeIgniter\View\View->CodeIgniter\View\{closure}()
 2 SYSTEMPATH\View\View.php(467): CodeIgniter\View\View->render('include/top', null, true)
 3 APPPATH\Views\index.php(1): CodeIgniter\View\View->include('include/top')
 4 SYSTEMPATH\View\View.php(226): include('C:\\laragon\\www\\code4\\app\\Views\\index.php')
 5 SYSTEMPATH\View\View.php(229): CodeIgniter\View\View->CodeIgniter\View\{closure}()
 6 SYSTEMPATH\Common.php(1188): CodeIgniter\View\View->render('index', [], true)
 7 APPPATH\Controllers\Home.php(9): view('index')
 8 SYSTEMPATH\CodeIgniter.php(919): App\Controllers\Home->index()
 9 SYSTEMPATH\CodeIgniter.php(494): CodeIgniter\CodeIgniter->runController(Object(App\Controllers\Home))
10 SYSTEMPATH\CodeIgniter.php(353): CodeIgniter\CodeIgniter->handleRequest(null, Object(Config\Cache), false)
11 FCPATH\index.php(79): CodeIgniter\CodeIgniter->run()
12 SYSTEMPATH\Commands\Server\rewrite.php(47): require_once('C:\\laragon\\www\\code4\\public\\index.php')
CRITICAL - 2023-10-17 00:03:18 --> syntax error, unexpected identifier "url", expecting "," or ";"
in APPPATH\Views\include\Top.php on line 16.
 1 SYSTEMPATH\View\View.php(229): CodeIgniter\View\View->CodeIgniter\View\{closure}()
 2 SYSTEMPATH\View\View.php(467): CodeIgniter\View\View->render('include/top', null, true)
 3 APPPATH\Views\index.php(1): CodeIgniter\View\View->include('include/top')
 4 SYSTEMPATH\View\View.php(226): include('C:\\laragon\\www\\code4\\app\\Views\\index.php')
 5 SYSTEMPATH\View\View.php(229): CodeIgniter\View\View->CodeIgniter\View\{closure}()
 6 SYSTEMPATH\Common.php(1188): CodeIgniter\View\View->render('index', [], true)
 7 APPPATH\Controllers\Home.php(9): view('index')
 8 SYSTEMPATH\CodeIgniter.php(919): App\Controllers\Home->index()
 9 SYSTEMPATH\CodeIgniter.php(494): CodeIgniter\CodeIgniter->runController(Object(App\Controllers\Home))
10 SYSTEMPATH\CodeIgniter.php(353): CodeIgniter\CodeIgniter->handleRequest(null, Object(Config\Cache), false)
11 FCPATH\index.php(79): CodeIgniter\CodeIgniter->run()
12 SYSTEMPATH\Commands\Server\rewrite.php(47): require_once('C:\\laragon\\www\\code4\\public\\index.php')
CRITICAL - 2023-10-17 00:03:19 --> syntax error, unexpected identifier "url", expecting "," or ";"
in APPPATH\Views\include\Top.php on line 16.
 1 SYSTEMPATH\View\View.php(229): CodeIgniter\View\View->CodeIgniter\View\{closure}()
 2 SYSTEMPATH\View\View.php(467): CodeIgniter\View\View->render('include/top', null, true)
 3 APPPATH\Views\index.php(1): CodeIgniter\View\View->include('include/top')
 4 SYSTEMPATH\View\View.php(226): include('C:\\laragon\\www\\code4\\app\\Views\\index.php')
 5 SYSTEMPATH\View\View.php(229): CodeIgniter\View\View->CodeIgniter\View\{closure}()
 6 SYSTEMPATH\Common.php(1188): CodeIgniter\View\View->render('index', [], true)
 7 APPPATH\Controllers\Home.php(9): view('index')
 8 SYSTEMPATH\CodeIgniter.php(919): App\Controllers\Home->index()
 9 SYSTEMPATH\CodeIgniter.php(494): CodeIgniter\CodeIgniter->runController(Object(App\Controllers\Home))
10 SYSTEMPATH\CodeIgniter.php(353): CodeIgniter\CodeIgniter->handleRequest(null, Object(Config\Cache), false)
11 FCPATH\index.php(79): CodeIgniter\CodeIgniter->run()
12 SYSTEMPATH\Commands\Server\rewrite.php(47): require_once('C:\\laragon\\www\\code4\\public\\index.php')
CRITICAL - 2023-10-17 00:03:29 --> syntax error, unexpected identifier "url", expecting "," or ";"
in APPPATH\Views\include\Top.php on line 18.
 1 SYSTEMPATH\View\View.php(229): CodeIgniter\View\View->CodeIgniter\View\{closure}()
 2 SYSTEMPATH\View\View.php(467): CodeIgniter\View\View->render('include/top', null, true)
 3 APPPATH\Views\index.php(1): CodeIgniter\View\View->include('include/top')
 4 SYSTEMPATH\View\View.php(226): include('C:\\laragon\\www\\code4\\app\\Views\\index.php')
 5 SYSTEMPATH\View\View.php(229): CodeIgniter\View\View->CodeIgniter\View\{closure}()
 6 SYSTEMPATH\Common.php(1188): CodeIgniter\View\View->render('index', [], true)
 7 APPPATH\Controllers\Home.php(9): view('index')
 8 SYSTEMPATH\CodeIgniter.php(919): App\Controllers\Home->index()
 9 SYSTEMPATH\CodeIgniter.php(494): CodeIgniter\CodeIgniter->runController(Object(App\Controllers\Home))
10 SYSTEMPATH\CodeIgniter.php(353): CodeIgniter\CodeIgniter->handleRequest(null, Object(Config\Cache), false)
11 FCPATH\index.php(79): CodeIgniter\CodeIgniter->run()
12 SYSTEMPATH\Commands\Server\rewrite.php(47): require_once('C:\\laragon\\www\\code4\\public\\index.php')
CRITICAL - 2023-10-17 00:19:58 --> Cannot redeclare App\Controllers\Home::index()
in APPPATH\Controllers\Home.php on line 57.
 1 [internal function]: CodeIgniter\Debug\Exceptions->shutdownHandler()
CRITICAL - 2023-10-17 00:22:06 --> Cannot redeclare App\Controllers\Home::index()
in APPPATH\Controllers\Home.php on line 57.
 1 [internal function]: CodeIgniter\Debug\Exceptions->shutdownHandler()
CRITICAL - 2023-10-17 00:22:07 --> Cannot redeclare App\Controllers\Home::index()
in APPPATH\Controllers\Home.php on line 57.
 1 [internal function]: CodeIgniter\Debug\Exceptions->shutdownHandler()
CRITICAL - 2023-10-17 00:22:07 --> Cannot redeclare App\Controllers\Home::index()
in APPPATH\Controllers\Home.php on line 57.
 1 [internal function]: CodeIgniter\Debug\Exceptions->shutdownHandler()
CRITICAL - 2023-10-17 00:23:58 --> Cannot redeclare App\Controllers\Home::index()
in APPPATH\Controllers\Home.php on line 57.
 1 [internal function]: CodeIgniter\Debug\Exceptions->shutdownHandler()
CRITICAL - 2023-10-17 00:29:19 --> Cannot redeclare App\Controllers\Home::index()
in APPPATH\Controllers\Home.php on line 57.
 1 [internal function]: CodeIgniter\Debug\Exceptions->shutdownHandler()
CRITICAL - 2023-10-17 00:29:22 --> Cannot redeclare App\Controllers\Home::index()
in APPPATH\Controllers\Home.php on line 57.
 1 [internal function]: CodeIgniter\Debug\Exceptions->shutdownHandler()
CRITICAL - 2023-10-17 00:31:34 --> Cannot redeclare App\Controllers\Home::index()
in APPPATH\Controllers\Home.php on line 57.
 1 [internal function]: CodeIgniter\Debug\Exceptions->shutdownHandler()
CRITICAL - 2023-10-17 00:33:12 --> Cannot redeclare App\Controllers\Home::index()
in APPPATH\Controllers\Home.php on line 57.
 1 [internal function]: CodeIgniter\Debug\Exceptions->shutdownHandler()
CRITICAL - 2023-10-17 00:33:26 --> Cannot redeclare App\Controllers\Home::index()
in APPPATH\Controllers\Home.php on line 57.
 1 [internal function]: CodeIgniter\Debug\Exceptions->shutdownHandler()
CRITICAL - 2023-10-17 00:33:27 --> Cannot redeclare App\Controllers\Home::index()
in APPPATH\Controllers\Home.php on line 57.
 1 [internal function]: CodeIgniter\Debug\Exceptions->shutdownHandler()
CRITICAL - 2023-10-17 00:33:27 --> Cannot redeclare App\Controllers\Home::index()
in APPPATH\Controllers\Home.php on line 57.
 1 [internal function]: CodeIgniter\Debug\Exceptions->shutdownHandler()
CRITICAL - 2023-10-17 00:33:32 --> syntax error, unexpected token "public", expecting end of file
in APPPATH\Controllers\Home.php on line 59.
 1 SYSTEMPATH\Autoloader\Autoloader.php(285): CodeIgniter\Autoloader\Autoloader->includeFile('C:\\laragon\\www\\code4\\app\\Controllers\\Home.php')
 2 SYSTEMPATH\Autoloader\Autoloader.php(263): CodeIgniter\Autoloader\Autoloader->loadInNamespace('App\\Controllers\\Home')
 3 [internal function]: CodeIgniter\Autoloader\Autoloader->loadClass('App\\Controllers\\Home')
 4 SYSTEMPATH\CodeIgniter.php(877): class_exists('\\App\\Controllers\\Home', true)
 5 SYSTEMPATH\CodeIgniter.php(481): CodeIgniter\CodeIgniter->startController()
 6 SYSTEMPATH\CodeIgniter.php(353): CodeIgniter\CodeIgniter->handleRequest(null, Object(Config\Cache), false)
 7 FCPATH\index.php(79): CodeIgniter\CodeIgniter->run()
 8 SYSTEMPATH\Commands\Server\rewrite.php(47): require_once('C:\\laragon\\www\\code4\\public\\index.php')
